Info: CapabilityPattern:Define a Candidate Architecture: 810 mini seconds publishing element
Info: CapabilityPattern:Define a Candidate Architecture: 401 mini seconds publishing process specific layout data
Info: Task:Architectural Analysis: 73 mini seconds publishing element
Info: TaskDescriptor:Architectural Analysis: 21 mini seconds publishing element
Info: Role:Software Architect: 87 mini seconds publishing element
Info: RoleDescriptor:Software Architect: 6 mini seconds publishing element
Info: Artifact:Design_guidelines: 37 mini seconds publishing element
Info: WorkProductDescriptor:Design_guidelines: 7 mini seconds publishing element
Info: Artifact:Design_model: 42 mini seconds publishing element
Info: WorkProductDescriptor:Design_model: 15 mini seconds publishing element
Info: Artifact:Software_Architecture_Document: 28 mini seconds publishing element
Info: WorkProductDescriptor:Software_Architecture_Document: 11 mini seconds publishing element
Info: Artifact:Supplementary_Specifications: 35 mini seconds publishing element
Info: WorkProductDescriptor:Supplementary_Specifications: 8 mini seconds publishing element
Info: Artifact:Glosary: 18 mini seconds publishing element
Info: WorkProductDescriptor:Glosary: 7 mini seconds publishing element
Info: Artifact:Use-Case_Model: 25 mini seconds publishing element
Info: WorkProductDescriptor:Use-Case_Model: 11 mini seconds publishing element
Info: Artifact:Reference_Architecture: 19 mini seconds publishing element
Info: WorkProductDescriptor:Reference_Architecture: 6 mini seconds publishing element
Info: Artifact:Deployment_Model: 25 mini seconds publishing element
Info: WorkProductDescriptor:Deployment_Model: 6 mini seconds publishing element
Info: Artifact:Use-Case_Realization: 26 mini seconds publishing element
Info: WorkProductDescriptor:Use-Case_Realization: 11 mini seconds publishing element
Info: Task:Use-Case_Analysis: 20 mini seconds publishing element
Info: TaskDescriptor:Use-Case_Analysis: 9 mini seconds publishing element
Info: Role:Designer: 54 mini seconds publishing element
Info: RoleDescriptor:Designer: 8 mini seconds publishing element
Info: Artifact:Analysis_Class: 21 mini seconds publishing element
Info: WorkProductDescriptor:Analysis_Class: 8 mini seconds publishing element
Info: Artifact:Analysis Model: 18 mini seconds publishing element
Info: WorkProductDescriptor:Analysis Model: 8 mini seconds publishing element
Info: Artifact:Boundary Class: 16 mini seconds publishing element
Info: WorkProductDescriptor:Boundary Class: 4 mini seconds publishing element
Info: Artifact:Use Case: 19 mini seconds publishing element
Info: WorkProductDescriptor:Use Case: 7 mini seconds publishing element
Info: Artifact:Use-Case Modeling Guidelines: 14 mini seconds publishing element
Info: WorkProductDescriptor:Use-Case Modeling Guidelines: 5 mini seconds publishing element
Info: CapabilityPattern:Perform Architectural Synthesis: 534 mini seconds publishing element
Info: CapabilityPattern:Perform Architectural Synthesis: 609 mini seconds publishing process specific layout data
Info: TaskDescriptor:Architectural Analysis: 22 mini seconds publishing element
Info: RoleDescriptor:Software Architect: 10 mini seconds publishing element
Info: WorkProductDescriptor:Design_guidelines: 6 mini seconds publishing element
Info: WorkProductDescriptor:Design_model: 11 mini seconds publishing element
Info: WorkProductDescriptor:Software_Architecture_Document: 9 mini seconds publishing element
Info: WorkProductDescriptor:Supplementary_Specifications: 8 mini seconds publishing element
Info: WorkProductDescriptor:Glosary: 6 mini seconds publishing element
Info: WorkProductDescriptor:Use-Case_Model: 11 mini seconds publishing element
Info: WorkProductDescriptor:Reference_Architecture: 6 mini seconds publishing element
Info: WorkProductDescriptor:Deployment_Model: 8 mini seconds publishing element
Info: WorkProductDescriptor:Use-Case_Realization: 12 mini seconds publishing element
Info: Task:Assess Viability of Architectural Proof-of-Concept: 30 mini seconds publishing element
Info: TaskDescriptor:Assess Viability of Architectural Proof-of-Concept: 10 mini seconds publishing element
Info: Artifact:Architectural Proof-of-Concept: 14 mini seconds publishing element
Info: WorkProductDescriptor:Architectural Proof-of-Concept: 7 mini seconds publishing element
Info: Artifact:Business Case: 17 mini seconds publishing element
Info: WorkProductDescriptor:Business Case: 6 mini seconds publishing element
Info: Artifact:Risk List: 17 mini seconds publishing element
Info: WorkProductDescriptor:Risk List: 7 mini seconds publishing element
Info: Artifact:Vision: 15 mini seconds publishing element
Info: WorkProductDescriptor:Vision: 7 mini seconds publishing element
Info: Task:Construct Architectural Proof-of-Concept: 16 mini seconds publishing element
Info: TaskDescriptor:Construct Architectural Proof-of-Concept: 6 mini seconds publishing element
Info: Artifact:User-Interface Prototype: 17 mini seconds publishing element
Info: WorkProductDescriptor:User-Interface Prototype: 6 mini seconds publishing element
Info: CapabilityPattern:Analyze Behavior: 576 mini seconds publishing element
Info: CapabilityPattern:Analyze Behavior: 419 mini seconds publishing process specific layout data
Info: Task:Identify Design Elements: 21 mini seconds publishing element
Info: TaskDescriptor:Identify Design Elements: 9 mini seconds publishing element
Info: RoleDescriptor:Software Architect: 4 mini seconds publishing element
Info: WorkProductDescriptor:Analysis_Class: 10 mini seconds publishing element
Info: WorkProductDescriptor:Design_guidelines: 8 mini seconds publishing element
Info: WorkProductDescriptor:Design_model: 13 mini seconds publishing element
Info: WorkProductDescriptor:Software_Architecture_Document: 8 mini seconds publishing element
Info: WorkProductDescriptor:Supplementary_Specifications: 14 mini seconds publishing element
Info: Artifact:Capsule: 33 mini seconds publishing element
Info: WorkProductDescriptor:Capsule: 7 mini seconds publishing element
Info: Artifact:Design Class: 30 mini seconds publishing element
Info: WorkProductDescriptor:Design Class: 5 mini seconds publishing element
Info: Artifact:Design Package: 22 mini seconds publishing element
Info: WorkProductDescriptor:Design Package: 6 mini seconds publishing element
Info: Artifact:Design Subsystem: 26 mini seconds publishing element
Info: WorkProductDescriptor:Design Subsystem: 6 mini seconds publishing element
Info: Artifact:Event: 18 mini seconds publishing element
Info: WorkProductDescriptor:Event: 5 mini seconds publishing element
Info: Artifact:Interface: 23 mini seconds publishing element
Info: WorkProductDescriptor:Interface: 5 mini seconds publishing element
Info: Artifact:Protocol: 25 mini seconds publishing element
Info: WorkProductDescriptor:Protocol: 7 mini seconds publishing element
Info: Artifact:Signal: 19 mini seconds publishing element
Info: WorkProductDescriptor:Signal: 5 mini seconds publishing element
Info: TaskDescriptor:Use-Case_Analysis: 10 mini seconds publishing element
Info: RoleDescriptor:Designer: 6 mini seconds publishing element
Info: WorkProductDescriptor:Analysis Model: 9 mini seconds publishing element
Info: WorkProductDescriptor:Boundary Class: 5 mini seconds publishing element
Info: WorkProductDescriptor:Glosary: 6 mini seconds publishing element
Info: WorkProductDescriptor:Use-Case_Model: 8 mini seconds publishing element
Info: WorkProductDescriptor:Use-Case_Realization: 8 mini seconds publishing element
Info: WorkProductDescriptor:Use Case: 7 mini seconds publishing element
Info: WorkProductDescriptor:Use-Case Modeling Guidelines: 5 mini seconds publishing element
Info: Task:review_the_design: 20 mini seconds publishing element
Info: TaskDescriptor:review_the_design: 6 mini seconds publishing element
Info: Role:design_reviewer: 47 mini seconds publishing element
Info: RoleDescriptor:design_reviewer: 5 mini seconds publishing element
Info: Artifact:change_request: 25 mini seconds publishing element
Info: WorkProductDescriptor:change_request: 7 mini seconds publishing element
Info: Artifact:review_record: 19 mini seconds publishing element
Info: WorkProductDescriptor:review_record: 6 mini seconds publishing element
Info: CapabilityPattern:Refine the Architecture: 897 mini seconds publishing element
Info: CapabilityPattern:Refine the Architecture: 736 mini seconds publishing process specific layout data
Info: Task:Describe Distribution: 21 mini seconds publishing element
Info: TaskDescriptor:Describe Distribution: 4 mini seconds publishing element
Info: RoleDescriptor:Software Architect: 14 mini seconds publishing element
Info: WorkProductDescriptor:Software_Architecture_Document: 21 mini seconds publishing element
Info: Artifact:Implementation Model: 16 mini seconds publishing element
Info: WorkProductDescriptor:Implementation Model: 5 mini seconds publishing element
Info: WorkProductDescriptor:Deployment_Model: 7 mini seconds publishing element
Info: Task:Describe the Run-time Architecture: 16 mini seconds publishing element
Info: TaskDescriptor:Describe the Run-time Architecture: 6 mini seconds publishing element
Info: WorkProductDescriptor:Capsule: 7 mini seconds publishing element
Info: WorkProductDescriptor:Design_model: 18 mini seconds publishing element
Info: WorkProductDescriptor:Supplementary_Specifications: 11 mini seconds publishing element
Info: TaskDescriptor:Identify Design Elements: 11 mini seconds publishing element
Info: WorkProductDescriptor:Analysis_Class: 10 mini seconds publishing element
Info: WorkProductDescriptor:Design_guidelines: 25 mini seconds publishing element
Info: WorkProductDescriptor:Design Class: 31 mini seconds publishing element
Info: WorkProductDescriptor:Design Package: 28 mini seconds publishing element
Info: WorkProductDescriptor:Design Subsystem: 17 mini seconds publishing element
Info: WorkProductDescriptor:Event: 8 mini seconds publishing element
Info: WorkProductDescriptor:Interface: 9 mini seconds publishing element
Info: WorkProductDescriptor:Protocol: 8 mini seconds publishing element
Info: WorkProductDescriptor:Signal: 7 mini seconds publishing element
Info: Task:Identify Design Mechanisms: 51 mini seconds publishing element
Info: TaskDescriptor:Identify Design Mechanisms: 15 mini seconds publishing element
Info: Task:Incorporate Existing Design Elements: 18 mini seconds publishing element
Info: TaskDescriptor:Incorporate Existing Design Elements: 8 mini seconds publishing element
Info: Task:review_the_architecture: 17 mini seconds publishing element
Info: TaskDescriptor:review_the_architecture: 6 mini seconds publishing element
Info: Role:Architecture Reviewer: 37 mini seconds publishing element
Info: RoleDescriptor:Architecture Reviewer: 5 mini seconds publishing element
Info: WorkProductDescriptor:Risk List: 4 mini seconds publishing element
Info: WorkProductDescriptor:change_request: 10 mini seconds publishing element
Info: WorkProductDescriptor:review_record: 5 mini seconds publishing element
Info: CapabilityPattern:Design Components: 907 mini seconds publishing element
Info: CapabilityPattern:Design Components: 583 mini seconds publishing process specific layout data
Info: Task:Capsule Design: 17 mini seconds publishing element
Info: TaskDescriptor:Capsule Design: 6 mini seconds publishing element
Info: Role:Capsule Designer: 38 mini seconds publishing element
Info: RoleDescriptor:Capsule Designer: 6 mini seconds publishing element
Info: WorkProductDescriptor:Capsule: 12 mini seconds publishing element
Info: WorkProductDescriptor:Event: 7 mini seconds publishing element
Info: WorkProductDescriptor:Protocol: 8 mini seconds publishing element
Info: WorkProductDescriptor:Signal: 6 mini seconds publishing element
Info: WorkProductDescriptor:Design Class: 13 mini seconds publishing element
Info: Task:Class Design: 24 mini seconds publishing element
Info: TaskDescriptor:Class Design: 7 mini seconds publishing element
Info: RoleDescriptor:Designer: 9 mini seconds publishing element
Info: WorkProductDescriptor:Design_guidelines: 8 mini seconds publishing element
Info: WorkProductDescriptor:Design_model: 8 mini seconds publishing element
Info: WorkProductDescriptor:Supplementary_Specifications: 8 mini seconds publishing element
Info: WorkProductDescriptor:Use-Case_Realization: 13 mini seconds publishing element
Info: Task:Design Test Classes and Packages: 23 mini seconds publishing element
Info: TaskDescriptor:Design Test Classes and Packages: 6 mini seconds publishing element
Info: WorkProductDescriptor:Design Package: 6 mini seconds publishing element
Info: Artifact:test_case: 16 mini seconds publishing element
Info: WorkProductDescriptor:test_case: 6 mini seconds publishing element
Info: Artifact:test_class: 13 mini seconds publishing element
Info: WorkProductDescriptor:test_class: 5 mini seconds publishing element
Info: Artifact:test_interface_specification: 13 mini seconds publishing element
Info: WorkProductDescriptor:test_interface_specification: 6 mini seconds publishing element
Info: TaskDescriptor:review_the_design: 7 mini seconds publishing element
Info: RoleDescriptor:design_reviewer: 7 mini seconds publishing element
Info: WorkProductDescriptor:change_request: 7 mini seconds publishing element
Info: WorkProductDescriptor:review_record: 5 mini seconds publishing element
Info: Task:Subsystem Design: 18 mini seconds publishing element
Info: TaskDescriptor:Subsystem Design: 7 mini seconds publishing element
Info: WorkProductDescriptor:Design Subsystem: 8 mini seconds publishing element
Info: WorkProductDescriptor:Interface: 9 mini seconds publishing element
Info: Task:Use-Case Design: 19 mini seconds publishing element
Info: TaskDescriptor:Use-Case Design: 6 mini seconds publishing element
Info: WorkProductDescriptor:Use Case: 9 mini seconds publishing element
Info: CapabilityPattern:Design the Database: 432 mini seconds publishing element
Info: CapabilityPattern:Design the Database: 299 mini seconds publishing process specific layout data
Info: TaskDescriptor:Class Design: 7 mini seconds publishing element
Info: RoleDescriptor:Designer: 4 mini seconds publishing element
Info: WorkProductDescriptor:Design_guidelines: 8 mini seconds publishing element
Info: WorkProductDescriptor:Design_model: 9 mini seconds publishing element
Info: WorkProductDescriptor:Supplementary_Specifications: 8 mini seconds publishing element
Info: WorkProductDescriptor:Event: 7 mini seconds publishing element
Info: WorkProductDescriptor:Use-Case_Realization: 7 mini seconds publishing element
Info: WorkProductDescriptor:Signal: 8 mini seconds publishing element
Info: WorkProductDescriptor:Design Class: 5 mini seconds publishing element
Info: Task:database_design: 17 mini seconds publishing element
Info: TaskDescriptor:database_design: 6 mini seconds publishing element
Info: Role:Database Designer: 37 mini seconds publishing element
Info: RoleDescriptor:Database Designer: 5 mini seconds publishing element
Info: Artifact:Data model: 13 mini seconds publishing element
Info: WorkProductDescriptor:Data model: 7 mini seconds publishing element
Info: WorkProductDescriptor:change_request: 8 mini seconds publishing element
Info: TaskDescriptor:review_the_design: 5 mini seconds publishing element
Info: RoleDescriptor:design_reviewer: 5 mini seconds publishing element
Info: WorkProductDescriptor:review_record: 5 mini seconds publishing element
Info: DeliveryProcess:Analysis Design (process): 316 mini seconds publishing element
Info: DeliveryProcess:Analysis Design (process): 3044 mini seconds publishing process specific layout data
Info: CapabilityPattern:Analyze Behavior: 475 mini seconds publishing element
Info: CapabilityPattern:Define a Candidate Architecture: 464 mini seconds publishing element
Info: CapabilityPattern:Design Components: 674 mini seconds publishing element
Info: CapabilityPattern:Design the Database: 579 mini seconds publishing element
Info: CapabilityPattern:Perform Architectural Synthesis: 628 mini seconds publishing element
Info: CapabilityPattern:Refine the Architecture: 756 mini seconds publishing element
Info: Guideline:Aggregation: 40 mini seconds publishing element
Info: Guideline:Association: 39 mini seconds publishing element
Info: Guideline:Class Diagram: 14 mini seconds publishing element
Info: Guideline:Concurrency: 20 mini seconds publishing element
Info: Guideline:Design Model: 14 mini seconds publishing element
Info: Guideline:Generalization: 17 mini seconds publishing element
Info: Guideline:Import Dependency in Design: 14 mini seconds publishing element
Info: Guideline:Layering: 18 mini seconds publishing element
Info: Guideline:Sequence Diagram: 16 mini seconds publishing element
Info: Guideline:Statechart Diagram: 17 mini seconds publishing element
Info: Guideline:Subscribe-Association: 25 mini seconds publishing element
Info: Guideline:Software Architecture Document: 18 mini seconds publishing element
Info: Guideline:Software Requirements Specification: 14 mini seconds publishing element
Info: Guideline:Actor-Generalization: 18 mini seconds publishing element
Info: Guideline:Communicate-Association: 14 mini seconds publishing element
Info: Guideline:Extend-Relationship: 18 mini seconds publishing element
Info: Guideline:Include-Relationship: 19 mini seconds publishing element
Info: Guideline:Use-Case Diagram: 13 mini seconds publishing element
Info: Guideline:Use-Case-Generalization: 16 mini seconds publishing element
Info: Guideline:Use-case Model: 44 mini seconds publishing element
Info: Guideline:Use-Case Realization: 19 mini seconds publishing element
Info: Guideline:Analysis_Class: 44 mini seconds publishing element
Info: Guideline:Boundary Class: 12 mini seconds publishing element
Info: Guideline:Activity Diagram in the Use-Case Model: 15 mini seconds publishing element
Info: Guideline:Use Case: 15 mini seconds publishing element
Info: Guideline:Business Case: 13 mini seconds publishing element
Info: Guideline:Risk List: 12 mini seconds publishing element
Info: Guideline:User-Interface Prototype(General): 12 mini seconds publishing element
Info: Guideline:Capsule: 15 mini seconds publishing element
Info: Guideline:Building Web Applications with the UML: 22 mini seconds publishing element
Info: Guideline:Design Class: 15 mini seconds publishing element
Info: Guideline:Designing Classes in Visual Basic: 13 mini seconds publishing element
Info: Guideline:Testing and Evaluating Classes: 21 mini seconds publishing element
Info: Guideline:Design Package: 14 mini seconds publishing element
Info: Guideline:Design Subsystem: 15 mini seconds publishing element
Info: Guideline:Interface: 14 mini seconds publishing element
Info: Guideline:Component Diagram: 10 mini seconds publishing element
Info: Guideline:Implementation Model: 15 mini seconds publishing element
Info: Guideline:Import Dependency in Implementation: 13 mini seconds publishing element
Info: Guideline:test_case: 13 mini seconds publishing element
Info: Guideline:unit_test: 14 mini seconds publishing element
Info: CustomCategory:Actividad Diseño de Cápsula: 11 mini seconds publishing element
Info: CustomCategory:Actividad Análisis Arquitectónico: 9 mini seconds publishing element
Info: : Publishing time: 0 minutes 19 seconds
